2020-05-11 09:11:40 [-][-][-][error][yii\console\UnknownCommandException] yii\base\InvalidRouteException: Unable to resolve the request "cron.php". in /home/seba/_code/curs-valutar-bnr-api/vendor/yiisoft/yii2/base/Module.php:537
Stack trace:
#0 /home/seba/_code/curs-valutar-bnr-api/vendor/yiisoft/yii2/console/Application.php(180): yii\base\Module->runAction('cron.php', Array)
#1 /home/seba/_code/curs-valutar-bnr-api/vendor/yiisoft/yii2/console/Application.php(147): yii\console\Application->runAction('cron.php', Array)
#2 /home/seba/_code/curs-valutar-bnr-api/vendor/yiisoft/yii2/base/Application.php(386): yii\console\Application->handleRequest(Object(yii\console\Request))
#3 /home/seba/_code/curs-valutar-bnr-api/yii(20): yii\base\Application->run()
#4 {main}

Next yii\console\UnknownCommandException: Unknown command "cron.php". in /home/seba/_code/curs-valutar-bnr-api/vendor/yiisoft/yii2/console/Application.php:183
Stack trace:
#0 /home/seba/_code/curs-valutar-bnr-api/vendor/yiisoft/yii2/console/Application.php(147): yii\console\Application->runAction('cron.php', Array)
#1 /home/seba/_code/curs-valutar-bnr-api/vendor/yiisoft/yii2/base/Application.php(386): yii\console\Application->handleRequest(Object(yii\console\Request))
#2 /home/seba/_code/curs-valutar-bnr-api/yii(20): yii\base\Application->run()
#3 {main}
2020-05-11 09:11:40 [-][-][-][info][application] $_GET = []

$_POST = []

$_FILES = []

$_COOKIE = []

$_SERVER = [
    'SHELL' => '/bin/bash'
    'SESSION_MANAGER' => 'local/skynet:@/tmp/.ICE-unix/1381,unix/skynet:/tmp/.ICE-unix/1381'
    'NVM_RC_VERSION' => ''
    'COLORTERM' => 'truecolor'
    'XDG_CONFIG_DIRS' => '/usr/share/xdg:/etc/xdg:/usr/share'
    'XDG_SESSION_PATH' => '/org/freedesktop/DisplayManager/Session0'
    'XDG_MENU_PREFIX' => 'gnome-'
    'TERM_PROGRAM_VERSION' => '1.44.2'
    '__GL_MaxFramesAllowed' => '1'
    'APPLICATION_INSIGHTS_NO_DIAGNOSTIC_CHANNEL' => 'true'
    'HISTSIZE' => '1000'
    'SSH_AUTH_SOCK' => '/run/user/1000/keyring/ssh'
    'XMODIFIERS' => '@im=ibus'
    'DESKTOP_SESSION' => 'budgie-desktop'
    'LC_MONETARY' => 'ro_RO.UTF-8'
    'NO_AT_BRIDGE' => '1'
    'GTK_MODULES' => 'gail:atk-bridge'
    'PWD' => '/home/seba/_code/curs-valutar-bnr-api'
    'GSETTINGS_SCHEMA_DIR' => '/home/seba/data'
    'XDG_SESSION_DESKTOP' => 'budgie-desktop'
    'LOGNAME' => 'seba'
    'QT_QPA_PLATFORMTHEME' => 'gtk2'
    'XDG_SESSION_TYPE' => 'x11'
    'XAUTHORITY' => '/home/seba/.Xauthority'
    'XDG_GREETER_DATA_DIR' => '/var/lib/lightdm-data/seba'
    'HOME' => '/home/seba'
    'LANG' => 'en_US.UTF-8'
    'LC_PAPER' => 'ro_RO.UTF-8'
    'XDG_CURRENT_DESKTOP' => 'Budgie:GNOME'
    'XDG_SEAT_PATH' => '/org/freedesktop/DisplayManager/Seat0'
    'CHROME_DESKTOP' => 'code-oss-url-handler.desktop'
    'NVM_DIR' => '/home/seba/.nvm'
    'XDG_SESSION_CLASS' => 'user'
    'TERM' => 'xterm-256color'
    'USER' => 'seba'
    'DISPLAY' => ':0'
    'SHLVL' => '2'
    'NVM_CD_FLAGS' => ''
    'INPUTRC' => '/etc/inputrc'
    'QT_IM_MODULE' => 'ibus'
    'LC_MEASUREMENT' => 'ro_RO.UTF-8'
    'XDG_RUNTIME_DIR' => '/run/user/1000'
    'LC_TIME' => 'ro_RO.UTF-8'
    'QT_AUTO_SCREEN_SCALE_FACTOR' => '0'
    'XDG_DATA_DIRS' => '/home/seba/.local/share/flatpak/exports/share:/var/lib/flatpak/exports/share:/usr/share:/var/lib/snapd/desktop/'
    'PATH' => '/sbin:/bin:/usr/sbin:/usr/bin:/snap/bin'
    'HISTIGNORE' => '&:[bf]g:exit'
    'GDMSESSION' => 'budgie-desktop'
    'DBUS_SESSION_BUS_ADDRESS' => 'unix:path=/run/user/1000/bus'
    'GIO_LAUNCHED_DESKTOP_FILE_PID' => '8848'
    'GIO_LAUNCHED_DESKTOP_FILE' => '/usr/share/applications/vscode-oss.desktop'
    'LC_NUMERIC' => 'ro_RO.UTF-8'
    'TERM_PROGRAM' => 'vscode'
    '_' => '/usr/bin/php'
    'PHP_SELF' => 'yii'
    'SCRIPT_NAME' => 'yii'
    'SCRIPT_FILENAME' => 'yii'
    'PATH_TRANSLATED' => 'yii'
    'DOCUMENT_ROOT' => ''
    'REQUEST_TIME_FLOAT' => 1589188300.5937
    'REQUEST_TIME' => 1589188300
    'argv' => [
        0 => 'yii'
        1 => 'cron.php'
    ]
    'argc' => 2
]
2020-05-11 09:11:45 [-][-][-][error][yii\console\UnknownCommandException] yii\base\InvalidRouteException: Unable to resolve the request "cron.php". in /home/seba/_code/curs-valutar-bnr-api/vendor/yiisoft/yii2/base/Module.php:537
Stack trace:
#0 /home/seba/_code/curs-valutar-bnr-api/vendor/yiisoft/yii2/console/Application.php(180): yii\base\Module->runAction('cron.php', Array)
#1 /home/seba/_code/curs-valutar-bnr-api/vendor/yiisoft/yii2/console/Application.php(147): yii\console\Application->runAction('cron.php', Array)
#2 /home/seba/_code/curs-valutar-bnr-api/vendor/yiisoft/yii2/base/Application.php(386): yii\console\Application->handleRequest(Object(yii\console\Request))
#3 /home/seba/_code/curs-valutar-bnr-api/yii(20): yii\base\Application->run()
#4 {main}

Next yii\console\UnknownCommandException: Unknown command "cron.php". in /home/seba/_code/curs-valutar-bnr-api/vendor/yiisoft/yii2/console/Application.php:183
Stack trace:
#0 /home/seba/_code/curs-valutar-bnr-api/vendor/yiisoft/yii2/console/Application.php(147): yii\console\Application->runAction('cron.php', Array)
#1 /home/seba/_code/curs-valutar-bnr-api/vendor/yiisoft/yii2/base/Application.php(386): yii\console\Application->handleRequest(Object(yii\console\Request))
#2 /home/seba/_code/curs-valutar-bnr-api/yii(20): yii\base\Application->run()
#3 {main}
2020-05-11 09:11:45 [-][-][-][info][application] $_GET = []

$_POST = []

$_FILES = []

$_COOKIE = []

$_SERVER = [
    'SHELL' => '/bin/bash'
    'SESSION_MANAGER' => 'local/skynet:@/tmp/.ICE-unix/1381,unix/skynet:/tmp/.ICE-unix/1381'
    'NVM_RC_VERSION' => ''
    'COLORTERM' => 'truecolor'
    'XDG_CONFIG_DIRS' => '/usr/share/xdg:/etc/xdg:/usr/share'
    'XDG_SESSION_PATH' => '/org/freedesktop/DisplayManager/Session0'
    'XDG_MENU_PREFIX' => 'gnome-'
    'TERM_PROGRAM_VERSION' => '1.44.2'
    '__GL_MaxFramesAllowed' => '1'
    'APPLICATION_INSIGHTS_NO_DIAGNOSTIC_CHANNEL' => 'true'
    'HISTSIZE' => '1000'
    'SSH_AUTH_SOCK' => '/run/user/1000/keyring/ssh'
    'XMODIFIERS' => '@im=ibus'
    'DESKTOP_SESSION' => 'budgie-desktop'
    'LC_MONETARY' => 'ro_RO.UTF-8'
    'NO_AT_BRIDGE' => '1'
    'GTK_MODULES' => 'gail:atk-bridge'
    'PWD' => '/home/seba/_code/curs-valutar-bnr-api'
    'GSETTINGS_SCHEMA_DIR' => '/home/seba/data'
    'XDG_SESSION_DESKTOP' => 'budgie-desktop'
    'LOGNAME' => 'seba'
    'QT_QPA_PLATFORMTHEME' => 'gtk2'
    'XDG_SESSION_TYPE' => 'x11'
    'XAUTHORITY' => '/home/seba/.Xauthority'
    'XDG_GREETER_DATA_DIR' => '/var/lib/lightdm-data/seba'
    'HOME' => '/home/seba'
    'LANG' => 'en_US.UTF-8'
    'LC_PAPER' => 'ro_RO.UTF-8'
    'XDG_CURRENT_DESKTOP' => 'Budgie:GNOME'
    'XDG_SEAT_PATH' => '/org/freedesktop/DisplayManager/Seat0'
    'CHROME_DESKTOP' => 'code-oss-url-handler.desktop'
    'NVM_DIR' => '/home/seba/.nvm'
    'XDG_SESSION_CLASS' => 'user'
    'TERM' => 'xterm-256color'
    'USER' => 'seba'
    'DISPLAY' => ':0'
    'SHLVL' => '2'
    'NVM_CD_FLAGS' => ''
    'INPUTRC' => '/etc/inputrc'
    'QT_IM_MODULE' => 'ibus'
    'LC_MEASUREMENT' => 'ro_RO.UTF-8'
    'XDG_RUNTIME_DIR' => '/run/user/1000'
    'LC_TIME' => 'ro_RO.UTF-8'
    'QT_AUTO_SCREEN_SCALE_FACTOR' => '0'
    'XDG_DATA_DIRS' => '/home/seba/.local/share/flatpak/exports/share:/var/lib/flatpak/exports/share:/usr/share:/var/lib/snapd/desktop/'
    'PATH' => '/sbin:/bin:/usr/sbin:/usr/bin:/snap/bin'
    'HISTIGNORE' => '&:[bf]g:exit'
    'GDMSESSION' => 'budgie-desktop'
    'DBUS_SESSION_BUS_ADDRESS' => 'unix:path=/run/user/1000/bus'
    'GIO_LAUNCHED_DESKTOP_FILE_PID' => '8848'
    'GIO_LAUNCHED_DESKTOP_FILE' => '/usr/share/applications/vscode-oss.desktop'
    'LC_NUMERIC' => 'ro_RO.UTF-8'
    'TERM_PROGRAM' => 'vscode'
    '_' => './yii'
    'PHP_SELF' => './yii'
    'SCRIPT_NAME' => './yii'
    'SCRIPT_FILENAME' => './yii'
    'PATH_TRANSLATED' => './yii'
    'DOCUMENT_ROOT' => ''
    'REQUEST_TIME_FLOAT' => 1589188305.3957
    'REQUEST_TIME' => 1589188305
    'argv' => [
        0 => './yii'
        1 => 'cron.php'
    ]
    'argc' => 2
]
2020-05-11 09:12:15 [-][-][-][error][yii\console\UnknownCommandException] yii\base\InvalidRouteException: Unable to resolve the request "cron.php". in /home/seba/_code/curs-valutar-bnr-api/vendor/yiisoft/yii2/base/Module.php:537
Stack trace:
#0 /home/seba/_code/curs-valutar-bnr-api/vendor/yiisoft/yii2/console/Application.php(180): yii\base\Module->runAction('cron.php', Array)
#1 /home/seba/_code/curs-valutar-bnr-api/vendor/yiisoft/yii2/console/Application.php(147): yii\console\Application->runAction('cron.php', Array)
#2 /home/seba/_code/curs-valutar-bnr-api/vendor/yiisoft/yii2/base/Application.php(386): yii\console\Application->handleRequest(Object(yii\console\Request))
#3 /home/seba/_code/curs-valutar-bnr-api/yii(20): yii\base\Application->run()
#4 {main}

Next yii\console\UnknownCommandException: Unknown command "cron.php". in /home/seba/_code/curs-valutar-bnr-api/vendor/yiisoft/yii2/console/Application.php:183
Stack trace:
#0 /home/seba/_code/curs-valutar-bnr-api/vendor/yiisoft/yii2/console/Application.php(147): yii\console\Application->runAction('cron.php', Array)
#1 /home/seba/_code/curs-valutar-bnr-api/vendor/yiisoft/yii2/base/Application.php(386): yii\console\Application->handleRequest(Object(yii\console\Request))
#2 /home/seba/_code/curs-valutar-bnr-api/yii(20): yii\base\Application->run()
#3 {main}
2020-05-11 09:12:15 [-][-][-][info][application] $_GET = []

$_POST = []

$_FILES = []

$_COOKIE = []

$_SERVER = [
    'SHELL' => '/bin/bash'
    'SESSION_MANAGER' => 'local/skynet:@/tmp/.ICE-unix/1381,unix/skynet:/tmp/.ICE-unix/1381'
    'NVM_RC_VERSION' => ''
    'COLORTERM' => 'truecolor'
    'XDG_CONFIG_DIRS' => '/usr/share/xdg:/etc/xdg:/usr/share'
    'XDG_SESSION_PATH' => '/org/freedesktop/DisplayManager/Session0'
    'XDG_MENU_PREFIX' => 'gnome-'
    'TERM_PROGRAM_VERSION' => '1.44.2'
    '__GL_MaxFramesAllowed' => '1'
    'APPLICATION_INSIGHTS_NO_DIAGNOSTIC_CHANNEL' => 'true'
    'HISTSIZE' => '1000'
    'SSH_AUTH_SOCK' => '/run/user/1000/keyring/ssh'
    'XMODIFIERS' => '@im=ibus'
    'DESKTOP_SESSION' => 'budgie-desktop'
    'LC_MONETARY' => 'ro_RO.UTF-8'
    'NO_AT_BRIDGE' => '1'
    'GTK_MODULES' => 'gail:atk-bridge'
    'PWD' => '/home/seba/_code/curs-valutar-bnr-api'
    'GSETTINGS_SCHEMA_DIR' => '/home/seba/data'
    'XDG_SESSION_DESKTOP' => 'budgie-desktop'
    'LOGNAME' => 'seba'
    'QT_QPA_PLATFORMTHEME' => 'gtk2'
    'XDG_SESSION_TYPE' => 'x11'
    'XAUTHORITY' => '/home/seba/.Xauthority'
    'XDG_GREETER_DATA_DIR' => '/var/lib/lightdm-data/seba'
    'HOME' => '/home/seba'
    'LANG' => 'en_US.UTF-8'
    'LC_PAPER' => 'ro_RO.UTF-8'
    'XDG_CURRENT_DESKTOP' => 'Budgie:GNOME'
    'XDG_SEAT_PATH' => '/org/freedesktop/DisplayManager/Seat0'
    'CHROME_DESKTOP' => 'code-oss-url-handler.desktop'
    'NVM_DIR' => '/home/seba/.nvm'
    'XDG_SESSION_CLASS' => 'user'
    'TERM' => 'xterm-256color'
    'USER' => 'seba'
    'DISPLAY' => ':0'
    'SHLVL' => '2'
    'NVM_CD_FLAGS' => ''
    'INPUTRC' => '/etc/inputrc'
    'QT_IM_MODULE' => 'ibus'
    'LC_MEASUREMENT' => 'ro_RO.UTF-8'
    'XDG_RUNTIME_DIR' => '/run/user/1000'
    'LC_TIME' => 'ro_RO.UTF-8'
    'QT_AUTO_SCREEN_SCALE_FACTOR' => '0'
    'XDG_DATA_DIRS' => '/home/seba/.local/share/flatpak/exports/share:/var/lib/flatpak/exports/share:/usr/share:/var/lib/snapd/desktop/'
    'PATH' => '/sbin:/bin:/usr/sbin:/usr/bin:/snap/bin'
    'HISTIGNORE' => '&:[bf]g:exit'
    'GDMSESSION' => 'budgie-desktop'
    'DBUS_SESSION_BUS_ADDRESS' => 'unix:path=/run/user/1000/bus'
    'GIO_LAUNCHED_DESKTOP_FILE_PID' => '8848'
    'GIO_LAUNCHED_DESKTOP_FILE' => '/usr/share/applications/vscode-oss.desktop'
    'LC_NUMERIC' => 'ro_RO.UTF-8'
    'TERM_PROGRAM' => 'vscode'
    '_' => '/usr/bin/php'
    'PHP_SELF' => 'yii'
    'SCRIPT_NAME' => 'yii'
    'SCRIPT_FILENAME' => 'yii'
    'PATH_TRANSLATED' => 'yii'
    'DOCUMENT_ROOT' => ''
    'REQUEST_TIME_FLOAT' => 1589188335.5505
    'REQUEST_TIME' => 1589188335
    'argv' => [
        0 => 'yii'
        1 => 'cron.php'
    ]
    'argc' => 2
]
